<?xml version="1.0" encoding="UTF-8"?>
<testsuite name="DaySolutions" tests="1" skipped="0" failures="0" errors="0" timestamp="2022-04-08T15:16:21" hostname="khouri" time="0.03">
  <properties/>
  <testcase name="testDay1()" classname="DaySolutions" time="0.03"/>
  <system-out><![CDATA[1999
]]></system-out>
  <system-err><![CDATA[]]></system-err>
</testsuite>
